e:\c++\作业\第十四次作业\相亲数对\相亲数对\debug\main.obj
e:\c++\作业\第十四次作业\相亲数对\相亲数对\debug\vc100.pdb
e:\c++\作业\第十四次作业\相亲数对\相亲数对\debug\相亲数对.exe.embed.manifest.res
e:\c++\作业\第十四次作业\相亲数对\debug\相亲数对.ilk
e:\c++\作业\第十四次作业\相亲数对\debug\相亲数对.exe
e:\c++\作业\第十四次作业\相亲数对\相亲数对\debug\相亲数对.exe.intermediate.manifest
e:\c++\作业\第十四次作业\相亲数对\debug\相亲数对.pdb
e:\c++\作业\第十四次作业\相亲数对\相亲数对\debug\相亲数对.exe.embed.manifest
l:\c++\作业\第十四次\2相亲数对\相亲数对\debug\main.obj
l:\c++\作业\第十四次\2相亲数对\相亲数对\debug\cl.read.1.tlog
l:\c++\作业\第十四次\2相亲数对\相亲数对\debug\cl.write.1.tlog
l:\c++\作业\第十四次\2相亲数对\相亲数对\debug\cl.command.1.tlog
l:\c++\作业\第十四次\2相亲数对\相亲数对\debug\rc.read.1.tlog
l:\c++\作业\第十四次\2相亲数对\相亲数对\debug\rc.write.1.tlog
l:\c++\作业\第十四次\2相亲数对\相亲数对\debug\rc.command.1.tlog
l:\c++\作业\第十四次\2相亲数对\相亲数对\debug\link-cvtres.read.1.tlog
l:\c++\作业\第十四次\2相亲数对\相亲数对\debug\link-cvtres.write.1.tlog
l:\c++\作业\第十四次\2相亲数对\相亲数对\debug\link.read.1.tlog
l:\c++\作业\第十四次\2相亲数对\相亲数对\debug\link.write.1.tlog
l:\c++\作业\第十四次\2相亲数对\相亲数对\debug\link.command.1.tlog
l:\c++\作业\第十四次\2相亲数对\相亲数对\debug\mt.read.1.tlog
l:\c++\作业\第十四次\2相亲数对\相亲数对\debug\mt.write.1.tlog
l:\c++\作业\第十四次\2相亲数对\相亲数对\debug\mt.command.1.tlog
l:\c++\作业\第十四次\2相亲数对\相亲数对\debug\相亲数对.exe.intermediate.manifest
l:\c++\作业\第十四次\2相亲数对\相亲数对\debug\相亲数对.exe.embed.manifest
l:\c++\作业\第十四次\2相亲数对\相亲数对\debug\相亲数对.exe.embed.manifest.res
l:\c++\作业\第十四次\2相亲数对\相亲数对\debug\vc100.idb
l:\c++\作业\第十四次\2相亲数对\相亲数对\debug\vc100.pdb
l:\c++\作业\第十四次\2相亲数对\相亲数对\debug\相亲数对_manifest.rc
l:\c++\作业\第十四次\2相亲数对\debug\相亲数对.pdb
l:\c++\作业\第十四次\2相亲数对\debug\相亲数对.exe
l:\c++\作业\第十四次\2相亲数对\debug\相亲数对.ilk
