e:\c++\作业\第十四次作业\方程求解\方程求解\debug\main.obj
e:\c++\作业\第十四次作业\方程求解\方程求解\debug\vc100.pdb
e:\c++\作业\第十四次作业\方程求解\方程求解\debug\方程求解.exe.embed.manifest.res
e:\c++\作业\第十四次作业\方程求解\debug\方程求解.ilk
e:\c++\作业\第十四次作业\方程求解\debug\方程求解.exe
e:\c++\作业\第十四次作业\方程求解\方程求解\debug\方程求解.exe.intermediate.manifest
e:\c++\作业\第十四次作业\方程求解\debug\方程求解.pdb
e:\c++\作业\第十四次作业\方程求解\方程求解\debug\方程求解.exe.embed.manifest
l:\c++\作业\第十四次\3方程求解\方程求解\debug\main.obj
l:\c++\作业\第十四次\3方程求解\方程求解\debug\cl.read.1.tlog
l:\c++\作业\第十四次\3方程求解\方程求解\debug\cl.write.1.tlog
l:\c++\作业\第十四次\3方程求解\方程求解\debug\cl.command.1.tlog
l:\c++\作业\第十四次\3方程求解\方程求解\debug\rc.read.1.tlog
l:\c++\作业\第十四次\3方程求解\方程求解\debug\rc.write.1.tlog
l:\c++\作业\第十四次\3方程求解\方程求解\debug\rc.command.1.tlog
l:\c++\作业\第十四次\3方程求解\方程求解\debug\link-cvtres.read.1.tlog
l:\c++\作业\第十四次\3方程求解\方程求解\debug\link-cvtres.write.1.tlog
l:\c++\作业\第十四次\3方程求解\方程求解\debug\link.read.1.tlog
l:\c++\作业\第十四次\3方程求解\方程求解\debug\link.write.1.tlog
l:\c++\作业\第十四次\3方程求解\方程求解\debug\link.command.1.tlog
l:\c++\作业\第十四次\3方程求解\方程求解\debug\mt.read.1.tlog
l:\c++\作业\第十四次\3方程求解\方程求解\debug\mt.write.1.tlog
l:\c++\作业\第十四次\3方程求解\方程求解\debug\mt.command.1.tlog
l:\c++\作业\第十四次\3方程求解\方程求解\debug\方程求解.exe.intermediate.manifest
l:\c++\作业\第十四次\3方程求解\方程求解\debug\方程求解.exe.embed.manifest
l:\c++\作业\第十四次\3方程求解\方程求解\debug\方程求解.exe.embed.manifest.res
l:\c++\作业\第十四次\3方程求解\方程求解\debug\vc100.idb
l:\c++\作业\第十四次\3方程求解\方程求解\debug\vc100.pdb
l:\c++\作业\第十四次\3方程求解\方程求解\debug\方程求解_manifest.rc
l:\c++\作业\第十四次\3方程求解\debug\方程求解.pdb
l:\c++\作业\第十四次\3方程求解\debug\方程求解.exe
l:\c++\作业\第十四次\3方程求解\debug\方程求解.ilk
