e:\井小普\上机测试\指针传递找最大最小值\指针传递找最大最小值\debug\main.obj
e:\井小普\上机测试\指针传递找最大最小值\指针传递找最大最小值\debug\vc100.pdb
e:\井小普\上机测试\指针传递找最大最小值\debug\指针传递找最大最小值.ilk
e:\井小普\上机测试\指针传递找最大最小值\debug\指针传递找最大最小值.exe
e:\井小普\上机测试\指针传递找最大最小值\指针传递找最大最小值\debug\指针传递找最大最小值.exe.intermediate.manifest
e:\井小普\上机测试\指针传递找最大最小值\debug\指针传递找最大最小值.pdb
e:\井小普\上机测试\指针传递找最大最小值\指针传递找最大最小值\debug\指针传递找最大最小值.exe.embed.manifest
e:\井小普\上机测试\指针传递找最大最小值\指针传递找最大最小值\debug\指针传递找最大最小值.exe.embed.manifest.res
c:\users\a\desktop\上机测试作业\3.3指针传递找最大最小值\指针传递找最大最小值\debug\main.obj
c:\users\a\desktop\上机测试作业\3.3指针传递找最大最小值\指针传递找最大最小值\debug\cl.command.1.tlog
c:\users\a\desktop\上机测试作业\3.3指针传递找最大最小值\指针传递找最大最小值\debug\cl.read.1.tlog
c:\users\a\desktop\上机测试作业\3.3指针传递找最大最小值\指针传递找最大最小值\debug\cl.write.1.tlog
c:\users\a\desktop\上机测试作业\3.3指针传递找最大最小值\指针传递找最大最小值\debug\link-cvtres.read.1.tlog
c:\users\a\desktop\上机测试作业\3.3指针传递找最大最小值\指针传递找最大最小值\debug\link-cvtres.write.1.tlog
c:\users\a\desktop\上机测试作业\3.3指针传递找最大最小值\指针传递找最大最小值\debug\link.6948-cvtres.read.1.tlog
c:\users\a\desktop\上机测试作业\3.3指针传递找最大最小值\指针传递找最大最小值\debug\link.6948-cvtres.write.1.tlog
c:\users\a\desktop\上机测试作业\3.3指针传递找最大最小值\指针传递找最大最小值\debug\link.6948.read.1.tlog
c:\users\a\desktop\上机测试作业\3.3指针传递找最大最小值\指针传递找最大最小值\debug\link.6948.write.1.tlog
c:\users\a\desktop\上机测试作业\3.3指针传递找最大最小值\指针传递找最大最小值\debug\link.command.1.tlog
c:\users\a\desktop\上机测试作业\3.3指针传递找最大最小值\指针传递找最大最小值\debug\link.read.1.tlog
c:\users\a\desktop\上机测试作业\3.3指针传递找最大最小值\指针传递找最大最小值\debug\link.write.1.tlog
c:\users\a\desktop\上机测试作业\3.3指针传递找最大最小值\指针传递找最大最小值\debug\mt.command.1.tlog
c:\users\a\desktop\上机测试作业\3.3指针传递找最大最小值\指针传递找最大最小值\debug\mt.read.1.tlog
c:\users\a\desktop\上机测试作业\3.3指针传递找最大最小值\指针传递找最大最小值\debug\mt.write.1.tlog
c:\users\a\desktop\上机测试作业\3.3指针传递找最大最小值\指针传递找最大最小值\debug\rc.command.1.tlog
c:\users\a\desktop\上机测试作业\3.3指针传递找最大最小值\指针传递找最大最小值\debug\rc.read.1.tlog
c:\users\a\desktop\上机测试作业\3.3指针传递找最大最小值\指针传递找最大最小值\debug\rc.write.1.tlog
c:\users\a\desktop\上机测试作业\3.3指针传递找最大最小值\指针传递找最大最小值\debug\指针传递找最大最小值.write.1.tlog
c:\users\a\desktop\上机测试作业\3.3指针传递找最大最小值\指针传递找最大最小值\debug\指针传递找最大最小值.exe.embed.manifest
c:\users\a\desktop\上机测试作业\3.3指针传递找最大最小值\指针传递找最大最小值\debug\指针传递找最大最小值.exe.intermediate.manifest
c:\users\a\desktop\上机测试作业\3.3指针传递找最大最小值\指针传递找最大最小值\debug\指针传递找最大最小值.exe.embed.manifest.res
c:\users\a\desktop\上机测试作业\3.3指针传递找最大最小值\指针传递找最大最小值\debug\vc100.idb
c:\users\a\desktop\上机测试作业\3.3指针传递找最大最小值\指针传递找最大最小值\debug\vc100.pdb
c:\users\a\desktop\上机测试作业\3.3指针传递找最大最小值\指针传递找最大最小值\debug\指针传递找最大最小值_manifest.rc
c:\users\a\desktop\上机测试作业\3.3指针传递找最大最小值\debug\指针传递找最大最小值.pdb
c:\users\a\desktop\上机测试作业\3.3指针传递找最大最小值\debug\指针传递找最大最小值.exe
c:\users\a\desktop\上机测试作业\3.3指针传递找最大最小值\debug\指针传递找最大最小值.ilk
