g:\c++\作业\第十四次作业\选人执行任务\选人执行任务\debug\main.obj
g:\c++\作业\第十四次作业\选人执行任务\选人执行任务\debug\vc100.pdb
f:\c++\作业\第十四次作业\选人执行任务\选人执行任务\debug\main.obj
f:\c++\作业\第十四次作业\选人执行任务\选人执行任务\debug\vc100.pdb
g:\c++\作业\第十四次作业\选人执行任务\选人执行任务\debug\选人执行任务.exe.embed.manifest.res
f:\c++\作业\第十四次作业\选人执行任务\选人执行任务\debug\选人执行任务.exe.embed.manifest.res
g:\c++\作业\第十四次作业\选人执行任务\debug\选人执行任务.ilk
g:\c++\作业\第十四次作业\选人执行任务\debug\选人执行任务.exe
g:\c++\作业\第十四次作业\选人执行任务\选人执行任务\debug\选人执行任务.exe.intermediate.manifest
g:\c++\作业\第十四次作业\选人执行任务\debug\选人执行任务.pdb
f:\c++\作业\第十四次作业\选人执行任务\debug\选人执行任务.ilk
f:\c++\作业\第十四次作业\选人执行任务\debug\选人执行任务.exe
f:\c++\作业\第十四次作业\选人执行任务\选人执行任务\debug\选人执行任务.exe.intermediate.manifest
f:\c++\作业\第十四次作业\选人执行任务\debug\选人执行任务.pdb
g:\c++\作业\第十四次作业\选人执行任务\选人执行任务\debug\选人执行任务.exe.embed.manifest
l:\c++\作业\第十四次\4选人执行任务\选人执行任务\debug\选人执行任务.vcxprojresolveassemblyreference.cache
l:\c++\作业\第十四次\4选人执行任务\选人执行任务\debug\main.obj
l:\c++\作业\第十四次\4选人执行任务\选人执行任务\debug\选人执行任务.write.1.tlog
l:\c++\作业\第十四次\4选人执行任务\选人执行任务\debug\cl.read.1.tlog
l:\c++\作业\第十四次\4选人执行任务\选人执行任务\debug\cl.write.1.tlog
l:\c++\作业\第十四次\4选人执行任务\选人执行任务\debug\cl.command.1.tlog
l:\c++\作业\第十四次\4选人执行任务\选人执行任务\debug\rc.read.1.tlog
l:\c++\作业\第十四次\4选人执行任务\选人执行任务\debug\rc.write.1.tlog
l:\c++\作业\第十四次\4选人执行任务\选人执行任务\debug\rc.command.1.tlog
l:\c++\作业\第十四次\4选人执行任务\选人执行任务\debug\link-cvtres.read.1.tlog
l:\c++\作业\第十四次\4选人执行任务\选人执行任务\debug\link-cvtres.write.1.tlog
l:\c++\作业\第十四次\4选人执行任务\选人执行任务\debug\link.read.1.tlog
l:\c++\作业\第十四次\4选人执行任务\选人执行任务\debug\link.write.1.tlog
l:\c++\作业\第十四次\4选人执行任务\选人执行任务\debug\link.command.1.tlog
l:\c++\作业\第十四次\4选人执行任务\选人执行任务\debug\mt.read.1.tlog
l:\c++\作业\第十四次\4选人执行任务\选人执行任务\debug\mt.write.1.tlog
l:\c++\作业\第十四次\4选人执行任务\选人执行任务\debug\mt.command.1.tlog
l:\c++\作业\第十四次\4选人执行任务\选人执行任务\debug\link.8220-cvtres.read.1.tlog
l:\c++\作业\第十四次\4选人执行任务\选人执行任务\debug\link.8220-cvtres.write.1.tlog
l:\c++\作业\第十四次\4选人执行任务\选人执行任务\debug\link.8220.read.1.tlog
l:\c++\作业\第十四次\4选人执行任务\选人执行任务\debug\link.8220.write.1.tlog
l:\c++\作业\第十四次\4选人执行任务\选人执行任务\debug\选人执行任务.exe.intermediate.manifest
l:\c++\作业\第十四次\4选人执行任务\选人执行任务\debug\选人执行任务.exe.embed.manifest
l:\c++\作业\第十四次\4选人执行任务\选人执行任务\debug\选人执行任务.exe.embed.manifest.res
l:\c++\作业\第十四次\4选人执行任务\选人执行任务\debug\vc100.idb
l:\c++\作业\第十四次\4选人执行任务\选人执行任务\debug\vc100.pdb
l:\c++\作业\第十四次\4选人执行任务\选人执行任务\debug\选人执行任务_manifest.rc
l:\c++\作业\第十四次\4选人执行任务\debug\选人执行任务.pdb
l:\c++\作业\第十四次\4选人执行任务\debug\选人执行任务.exe
l:\c++\作业\第十四次\4选人执行任务\debug\选人执行任务.ilk
