F:\C++\作业\马鞍点问题\DEBUG\马鞍点问题.EXE
F:\C++\作业\马鞍点问题\DEBUG\马鞍点问题.ILK
F:\C++\作业\马鞍点问题\DEBUG\马鞍点问题.PDB
F:\C++\作业\马鞍点问题\马鞍点问题\Debug\cl.command.1.tlog
F:\C++\作业\马鞍点问题\马鞍点问题\Debug\CL.read.1.tlog
F:\C++\作业\马鞍点问题\马鞍点问题\Debug\CL.write.1.tlog
F:\C++\作业\马鞍点问题\马鞍点问题\Debug\link.11408.read.1.tlog
F:\C++\作业\马鞍点问题\马鞍点问题\Debug\link.11408.write.1.tlog
F:\C++\作业\马鞍点问题\马鞍点问题\Debug\link.11408-cvtres.read.1.tlog
F:\C++\作业\马鞍点问题\马鞍点问题\Debug\link.11408-cvtres.write.1.tlog
F:\C++\作业\马鞍点问题\马鞍点问题\Debug\link.command.1.tlog
F:\C++\作业\马鞍点问题\马鞍点问题\Debug\link.read.1.tlog
F:\C++\作业\马鞍点问题\马鞍点问题\Debug\link.write.1.tlog
F:\C++\作业\马鞍点问题\马鞍点问题\Debug\link-cvtres.read.1.tlog
F:\C++\作业\马鞍点问题\马鞍点问题\Debug\link-cvtres.write.1.tlog
F:\C++\作业\马鞍点问题\马鞍点问题\DEBUG\MAIN.OBJ
F:\C++\作业\马鞍点问题\马鞍点问题\Debug\mt.command.1.tlog
F:\C++\作业\马鞍点问题\马鞍点问题\Debug\mt.read.1.tlog
F:\C++\作业\马鞍点问题\马鞍点问题\Debug\mt.write.1.tlog
F:\C++\作业\马鞍点问题\马鞍点问题\Debug\rc.command.1.tlog
F:\C++\作业\马鞍点问题\马鞍点问题\Debug\rc.read.1.tlog
F:\C++\作业\马鞍点问题\马鞍点问题\Debug\rc.write.1.tlog
F:\C++\作业\马鞍点问题\马鞍点问题\Debug\vc100.idb
F:\C++\作业\马鞍点问题\马鞍点问题\DEBUG\VC100.PDB
F:\C++\作业\马鞍点问题\马鞍点问题\DEBUG\马鞍点问题.EXE.EMBED.MANIFEST
F:\C++\作业\马鞍点问题\马鞍点问题\DEBUG\马鞍点问题.EXE.EMBED.MANIFEST.RES
F:\C++\作业\马鞍点问题\马鞍点问题\DEBUG\马鞍点问题.EXE.INTERMEDIATE.MANIFEST
F:\C++\作业\马鞍点问题\马鞍点问题\Debug\马鞍点问题_manifest.rc
