e:\井小普\上机测试\输入一个正整数 输出阶乘\输入一个正整数 输出阶乘\debug\main.obj
e:\井小普\上机测试\输入一个正整数 输出阶乘\输入一个正整数 输出阶乘\debug\vc100.pdb
e:\井小普\上机测试\输入一个正整数 输出阶乘\debug\输入一个正整数 输出阶乘.ilk
e:\井小普\上机测试\输入一个正整数 输出阶乘\debug\输入一个正整数 输出阶乘.exe
e:\井小普\上机测试\输入一个正整数 输出阶乘\输入一个正整数 输出阶乘\debug\输入一个正整数 输出阶乘.exe.intermediate.manifest
e:\井小普\上机测试\输入一个正整数 输出阶乘\debug\输入一个正整数 输出阶乘.pdb
e:\井小普\上机测试\输入一个正整数 输出阶乘\输入一个正整数 输出阶乘\debug\输入一个正整数 输出阶乘.exe.embed.manifest
e:\井小普\上机测试\输入一个正整数 输出阶乘\输入一个正整数 输出阶乘\debug\输入一个正整数 输出阶乘.exe.embed.manifest.res
c:\users\a\desktop\上机测试作业\1.2输入一个正整数 输出阶乘\输入一个正整数 输出阶乘\debug\main.obj
c:\users\a\desktop\上机测试作业\1.2输入一个正整数 输出阶乘\输入一个正整数 输出阶乘\debug\cl.command.1.tlog
c:\users\a\desktop\上机测试作业\1.2输入一个正整数 输出阶乘\输入一个正整数 输出阶乘\debug\cl.read.1.tlog
c:\users\a\desktop\上机测试作业\1.2输入一个正整数 输出阶乘\输入一个正整数 输出阶乘\debug\cl.write.1.tlog
c:\users\a\desktop\上机测试作业\1.2输入一个正整数 输出阶乘\输入一个正整数 输出阶乘\debug\link-cvtres.read.1.tlog
c:\users\a\desktop\上机测试作业\1.2输入一个正整数 输出阶乘\输入一个正整数 输出阶乘\debug\link-cvtres.write.1.tlog
c:\users\a\desktop\上机测试作业\1.2输入一个正整数 输出阶乘\输入一个正整数 输出阶乘\debug\link.4280-cvtres.read.1.tlog
c:\users\a\desktop\上机测试作业\1.2输入一个正整数 输出阶乘\输入一个正整数 输出阶乘\debug\link.4280-cvtres.write.1.tlog
c:\users\a\desktop\上机测试作业\1.2输入一个正整数 输出阶乘\输入一个正整数 输出阶乘\debug\link.4280.read.1.tlog
c:\users\a\desktop\上机测试作业\1.2输入一个正整数 输出阶乘\输入一个正整数 输出阶乘\debug\link.4280.write.1.tlog
c:\users\a\desktop\上机测试作业\1.2输入一个正整数 输出阶乘\输入一个正整数 输出阶乘\debug\link.command.1.tlog
c:\users\a\desktop\上机测试作业\1.2输入一个正整数 输出阶乘\输入一个正整数 输出阶乘\debug\link.read.1.tlog
c:\users\a\desktop\上机测试作业\1.2输入一个正整数 输出阶乘\输入一个正整数 输出阶乘\debug\link.write.1.tlog
c:\users\a\desktop\上机测试作业\1.2输入一个正整数 输出阶乘\输入一个正整数 输出阶乘\debug\mt.command.1.tlog
c:\users\a\desktop\上机测试作业\1.2输入一个正整数 输出阶乘\输入一个正整数 输出阶乘\debug\mt.read.1.tlog
c:\users\a\desktop\上机测试作业\1.2输入一个正整数 输出阶乘\输入一个正整数 输出阶乘\debug\mt.write.1.tlog
c:\users\a\desktop\上机测试作业\1.2输入一个正整数 输出阶乘\输入一个正整数 输出阶乘\debug\rc.command.1.tlog
c:\users\a\desktop\上机测试作业\1.2输入一个正整数 输出阶乘\输入一个正整数 输出阶乘\debug\rc.read.1.tlog
c:\users\a\desktop\上机测试作业\1.2输入一个正整数 输出阶乘\输入一个正整数 输出阶乘\debug\rc.write.1.tlog
c:\users\a\desktop\上机测试作业\1.2输入一个正整数 输出阶乘\输入一个正整数 输出阶乘\debug\输入一个正整数 输出阶乘.write.1.tlog
c:\users\a\desktop\上机测试作业\1.2输入一个正整数 输出阶乘\输入一个正整数 输出阶乘\debug\输入一个正整数 输出阶乘.exe.embed.manifest
c:\users\a\desktop\上机测试作业\1.2输入一个正整数 输出阶乘\输入一个正整数 输出阶乘\debug\输入一个正整数 输出阶乘.exe.intermediate.manifest
c:\users\a\desktop\上机测试作业\1.2输入一个正整数 输出阶乘\输入一个正整数 输出阶乘\debug\输入一个正整数 输出阶乘.exe.embed.manifest.res
c:\users\a\desktop\上机测试作业\1.2输入一个正整数 输出阶乘\输入一个正整数 输出阶乘\debug\vc100.idb
c:\users\a\desktop\上机测试作业\1.2输入一个正整数 输出阶乘\输入一个正整数 输出阶乘\debug\vc100.pdb
c:\users\a\desktop\上机测试作业\1.2输入一个正整数 输出阶乘\输入一个正整数 输出阶乘\debug\输入一个正整数 输出阶乘_manifest.rc
c:\users\a\desktop\上机测试作业\1.2输入一个正整数 输出阶乘\debug\输入一个正整数 输出阶乘.pdb
c:\users\a\desktop\上机测试作业\1.2输入一个正整数 输出阶乘\debug\输入一个正整数 输出阶乘.exe
c:\users\a\desktop\上机测试作业\1.2输入一个正整数 输出阶乘\debug\输入一个正整数 输出阶乘.ilk
