f:\c++\作业\第十三次作业\打印如下图形\打印如下图形\debug\main.obj
f:\c++\作业\第十三次作业\打印如下图形\打印如下图形\debug\vc100.pdb
f:\c++\作业\第十三次\2打印如下图形\打印如下图形\debug\main.obj
f:\c++\作业\第十三次\2打印如下图形\打印如下图形\debug\vc100.pdb
f:\c++\作业\第十三次作业\打印如下图形\打印如下图形\debug\打印如下图形.exe.embed.manifest.res
f:\c++\作业\第十三次\2打印如下图形\打印如下图形\debug\打印如下图形.exe.embed.manifest.res
f:\c++\作业\第十三次作业\打印如下图形\debug\打印如下图形.ilk
f:\c++\作业\第十三次作业\打印如下图形\debug\打印如下图形.exe
f:\c++\作业\第十三次作业\打印如下图形\打印如下图形\debug\打印如下图形.exe.intermediate.manifest
f:\c++\作业\第十三次作业\打印如下图形\debug\打印如下图形.pdb
f:\c++\作业\第十三次\2打印如下图形\debug\打印如下图形.ilk
f:\c++\作业\第十三次\2打印如下图形\debug\打印如下图形.exe
f:\c++\作业\第十三次\2打印如下图形\打印如下图形\debug\打印如下图形.exe.intermediate.manifest
f:\c++\作业\第十三次\2打印如下图形\debug\打印如下图形.pdb
f:\c++\作业\第十三次作业\打印如下图形\打印如下图形\debug\打印如下图形.exe.embed.manifest
l:\c++\作业\第十三次\2打印如下图形\打印如下图形\debug\main.obj
l:\c++\作业\第十三次\2打印如下图形\打印如下图形\debug\cl.read.1.tlog
l:\c++\作业\第十三次\2打印如下图形\打印如下图形\debug\cl.write.1.tlog
l:\c++\作业\第十三次\2打印如下图形\打印如下图形\debug\cl.command.1.tlog
l:\c++\作业\第十三次\2打印如下图形\打印如下图形\debug\rc.read.1.tlog
l:\c++\作业\第十三次\2打印如下图形\打印如下图形\debug\rc.write.1.tlog
l:\c++\作业\第十三次\2打印如下图形\打印如下图形\debug\rc.command.1.tlog
l:\c++\作业\第十三次\2打印如下图形\打印如下图形\debug\link-cvtres.read.1.tlog
l:\c++\作业\第十三次\2打印如下图形\打印如下图形\debug\link-cvtres.write.1.tlog
l:\c++\作业\第十三次\2打印如下图形\打印如下图形\debug\link.read.1.tlog
l:\c++\作业\第十三次\2打印如下图形\打印如下图形\debug\link.write.1.tlog
l:\c++\作业\第十三次\2打印如下图形\打印如下图形\debug\link.command.1.tlog
l:\c++\作业\第十三次\2打印如下图形\打印如下图形\debug\mt.read.1.tlog
l:\c++\作业\第十三次\2打印如下图形\打印如下图形\debug\mt.write.1.tlog
l:\c++\作业\第十三次\2打印如下图形\打印如下图形\debug\mt.command.1.tlog
l:\c++\作业\第十三次\2打印如下图形\打印如下图形\debug\link.2464-cvtres.read.1.tlog
l:\c++\作业\第十三次\2打印如下图形\打印如下图形\debug\link.2464-cvtres.write.1.tlog
l:\c++\作业\第十三次\2打印如下图形\打印如下图形\debug\link.2464.read.1.tlog
l:\c++\作业\第十三次\2打印如下图形\打印如下图形\debug\link.2464.write.1.tlog
l:\c++\作业\第十三次\2打印如下图形\打印如下图形\debug\打印如下图形.exe.intermediate.manifest
l:\c++\作业\第十三次\2打印如下图形\打印如下图形\debug\打印如下图形.exe.embed.manifest
l:\c++\作业\第十三次\2打印如下图形\打印如下图形\debug\打印如下图形.exe.embed.manifest.res
l:\c++\作业\第十三次\2打印如下图形\打印如下图形\debug\vc100.idb
l:\c++\作业\第十三次\2打印如下图形\打印如下图形\debug\vc100.pdb
l:\c++\作业\第十三次\2打印如下图形\打印如下图形\debug\打印如下图形_manifest.rc
l:\c++\作业\第十三次\2打印如下图形\debug\打印如下图形.pdb
l:\c++\作业\第十三次\2打印如下图形\debug\打印如下图形.exe
l:\c++\作业\第十三次\2打印如下图形\debug\打印如下图形.ilk
