f:\c++\作业\0第十五次\搬砖问题\搬砖问题\debug\搬砖问题.exe.embed.manifest
f:\c++\作业\0第十五次\搬砖问题\搬砖问题\debug\main.obj
f:\c++\作业\0第十五次\搬砖问题\搬砖问题\debug\vc100.pdb
f:\c++\作业\0第十五次\搬砖问题\搬砖问题\debug\搬砖问题.exe.embed.manifest.res
f:\c++\作业\0第十五次\搬砖问题\debug\搬砖问题.ilk
f:\c++\作业\0第十五次\搬砖问题\debug\搬砖问题.exe
f:\c++\作业\0第十五次\搬砖问题\搬砖问题\debug\搬砖问题.exe.intermediate.manifest
f:\c++\作业\0第十五次\搬砖问题\debug\搬砖问题.pdb
l:\c++\作业\0第十五次\04搬砖问题\搬砖问题\debug\main.obj
l:\c++\作业\0第十五次\04搬砖问题\搬砖问题\debug\link.command.1.tlog
l:\c++\作业\0第十五次\04搬砖问题\搬砖问题\debug\mt.read.1.tlog
l:\c++\作业\0第十五次\04搬砖问题\搬砖问题\debug\mt.write.1.tlog
l:\c++\作业\0第十五次\04搬砖问题\搬砖问题\debug\mt.command.1.tlog
l:\c++\作业\0第十五次\04搬砖问题\搬砖问题\debug\link.18104-cvtres.read.1.tlog
l:\c++\作业\0第十五次\04搬砖问题\搬砖问题\debug\link.18104-cvtres.write.1.tlog
l:\c++\作业\0第十五次\04搬砖问题\搬砖问题\debug\link.18104.read.1.tlog
l:\c++\作业\0第十五次\04搬砖问题\搬砖问题\debug\link.18104.write.1.tlog
l:\c++\作业\0第十五次\04搬砖问题\搬砖问题\debug\cl.read.1.tlog
l:\c++\作业\0第十五次\04搬砖问题\搬砖问题\debug\cl.write.1.tlog
l:\c++\作业\0第十五次\04搬砖问题\搬砖问题\debug\cl.command.1.tlog
l:\c++\作业\0第十五次\04搬砖问题\搬砖问题\debug\rc.read.1.tlog
l:\c++\作业\0第十五次\04搬砖问题\搬砖问题\debug\rc.write.1.tlog
l:\c++\作业\0第十五次\04搬砖问题\搬砖问题\debug\rc.command.1.tlog
l:\c++\作业\0第十五次\04搬砖问题\搬砖问题\debug\link-cvtres.read.1.tlog
l:\c++\作业\0第十五次\04搬砖问题\搬砖问题\debug\link-cvtres.write.1.tlog
l:\c++\作业\0第十五次\04搬砖问题\搬砖问题\debug\link.read.1.tlog
l:\c++\作业\0第十五次\04搬砖问题\搬砖问题\debug\link.write.1.tlog
l:\c++\作业\0第十五次\04搬砖问题\搬砖问题\debug\搬砖问题.exe.embed.manifest
l:\c++\作业\0第十五次\04搬砖问题\搬砖问题\debug\搬砖问题.exe.intermediate.manifest
l:\c++\作业\0第十五次\04搬砖问题\搬砖问题\debug\搬砖问题.exe.embed.manifest.res
l:\c++\作业\0第十五次\04搬砖问题\搬砖问题\debug\vc100.idb
l:\c++\作业\0第十五次\04搬砖问题\搬砖问题\debug\vc100.pdb
l:\c++\作业\0第十五次\04搬砖问题\搬砖问题\debug\搬砖问题_manifest.rc
l:\c++\作业\0第十五次\04搬砖问题\debug\搬砖问题.pdb
l:\c++\作业\0第十五次\04搬砖问题\debug\搬砖问题.exe
l:\c++\作业\0第十五次\04搬砖问题\debug\搬砖问题.ilk
