e:\井小普\上机测试\对整数进行升序排序 动态数组释放\对整数进行升序排序 动态数组释放\debug\vc100.pdb
e:\井小普\上机测试\对整数进行升序排序 动态数组释放\对整数进行升序排序 动态数组释放\debug\main.obj
e:\井小普\上机测试\对整数进行升序排序 动态数组释放\debug\对整数进行升序排序 动态数组释放.ilk
e:\井小普\上机测试\对整数进行升序排序 动态数组释放\debug\对整数进行升序排序 动态数组释放.exe
e:\井小普\上机测试\对整数进行升序排序 动态数组释放\对整数进行升序排序 动态数组释放\debug\对整数进行升序排序 动态数组释放.exe.intermediate.manifest
e:\井小普\上机测试\对整数进行升序排序 动态数组释放\debug\对整数进行升序排序 动态数组释放.pdb
e:\井小普\上机测试\对整数进行升序排序 动态数组释放\对整数进行升序排序 动态数组释放\debug\对整数进行升序排序 动态数组释放.exe.embed.manifest
e:\井小普\上机测试\对整数进行升序排序 动态数组释放\对整数进行升序排序 动态数组释放\debug\对整数进行升序排序 动态数组释放.exe.embed.manifest.res
c:\users\a\desktop\上机测试作业\2.2对整数进行升序排序 动态数组释放\对整数进行升序排序 动态数组释放\debug\对整数进行升序排序 动态数组释放.vcxprojresolveassemblyreference.cache
c:\users\a\desktop\上机测试作业\2.2对整数进行升序排序 动态数组释放\对整数进行升序排序 动态数组释放\debug\main.obj
c:\users\a\desktop\上机测试作业\2.2对整数进行升序排序 动态数组释放\对整数进行升序排序 动态数组释放\debug\cl.command.1.tlog
c:\users\a\desktop\上机测试作业\2.2对整数进行升序排序 动态数组释放\对整数进行升序排序 动态数组释放\debug\cl.read.1.tlog
c:\users\a\desktop\上机测试作业\2.2对整数进行升序排序 动态数组释放\对整数进行升序排序 动态数组释放\debug\cl.write.1.tlog
c:\users\a\desktop\上机测试作业\2.2对整数进行升序排序 动态数组释放\对整数进行升序排序 动态数组释放\debug\link-cvtres.read.1.tlog
c:\users\a\desktop\上机测试作业\2.2对整数进行升序排序 动态数组释放\对整数进行升序排序 动态数组释放\debug\link-cvtres.write.1.tlog
c:\users\a\desktop\上机测试作业\2.2对整数进行升序排序 动态数组释放\对整数进行升序排序 动态数组释放\debug\link.9960-cvtres.read.1.tlog
c:\users\a\desktop\上机测试作业\2.2对整数进行升序排序 动态数组释放\对整数进行升序排序 动态数组释放\debug\link.9960-cvtres.write.1.tlog
c:\users\a\desktop\上机测试作业\2.2对整数进行升序排序 动态数组释放\对整数进行升序排序 动态数组释放\debug\link.9960.read.1.tlog
c:\users\a\desktop\上机测试作业\2.2对整数进行升序排序 动态数组释放\对整数进行升序排序 动态数组释放\debug\link.9960.write.1.tlog
c:\users\a\desktop\上机测试作业\2.2对整数进行升序排序 动态数组释放\对整数进行升序排序 动态数组释放\debug\link.command.1.tlog
c:\users\a\desktop\上机测试作业\2.2对整数进行升序排序 动态数组释放\对整数进行升序排序 动态数组释放\debug\link.read.1.tlog
c:\users\a\desktop\上机测试作业\2.2对整数进行升序排序 动态数组释放\对整数进行升序排序 动态数组释放\debug\link.write.1.tlog
c:\users\a\desktop\上机测试作业\2.2对整数进行升序排序 动态数组释放\对整数进行升序排序 动态数组释放\debug\mt.command.1.tlog
c:\users\a\desktop\上机测试作业\2.2对整数进行升序排序 动态数组释放\对整数进行升序排序 动态数组释放\debug\mt.read.1.tlog
c:\users\a\desktop\上机测试作业\2.2对整数进行升序排序 动态数组释放\对整数进行升序排序 动态数组释放\debug\mt.write.1.tlog
c:\users\a\desktop\上机测试作业\2.2对整数进行升序排序 动态数组释放\对整数进行升序排序 动态数组释放\debug\rc.command.1.tlog
c:\users\a\desktop\上机测试作业\2.2对整数进行升序排序 动态数组释放\对整数进行升序排序 动态数组释放\debug\rc.read.1.tlog
c:\users\a\desktop\上机测试作业\2.2对整数进行升序排序 动态数组释放\对整数进行升序排序 动态数组释放\debug\rc.write.1.tlog
c:\users\a\desktop\上机测试作业\2.2对整数进行升序排序 动态数组释放\对整数进行升序排序 动态数组释放\debug\对整数进行升序排序 动态数组释放.write.1.tlog
c:\users\a\desktop\上机测试作业\2.2对整数进行升序排序 动态数组释放\对整数进行升序排序 动态数组释放\debug\对整数进行升序排序 动态数组释放.exe.embed.manifest
c:\users\a\desktop\上机测试作业\2.2对整数进行升序排序 动态数组释放\对整数进行升序排序 动态数组释放\debug\对整数进行升序排序 动态数组释放.exe.intermediate.manifest
c:\users\a\desktop\上机测试作业\2.2对整数进行升序排序 动态数组释放\对整数进行升序排序 动态数组释放\debug\对整数进行升序排序 动态数组释放.exe.embed.manifest.res
c:\users\a\desktop\上机测试作业\2.2对整数进行升序排序 动态数组释放\对整数进行升序排序 动态数组释放\debug\vc100.idb
c:\users\a\desktop\上机测试作业\2.2对整数进行升序排序 动态数组释放\对整数进行升序排序 动态数组释放\debug\vc100.pdb
c:\users\a\desktop\上机测试作业\2.2对整数进行升序排序 动态数组释放\对整数进行升序排序 动态数组释放\debug\对整数进行升序排序 动态数组释放_manifest.rc
c:\users\a\desktop\上机测试作业\2.2对整数进行升序排序 动态数组释放\debug\对整数进行升序排序 动态数组释放.pdb
c:\users\a\desktop\上机测试作业\2.2对整数进行升序排序 动态数组释放\debug\对整数进行升序排序 动态数组释放.exe
c:\users\a\desktop\上机测试作业\2.2对整数进行升序排序 动态数组释放\debug\对整数进行升序排序 动态数组释放.ilk
