f:\c++\作业\第十六次\4判断是否为闰年\4判断是否为闰年\debug\main.obj
f:\c++\作业\第十六次\4判断是否为闰年\4判断是否为闰年\debug\vc100.pdb
f:\c++\作业\第十六次\4判断是否为闰年\4判断是否为闰年\debug\4判断是否为闰年.exe.embed.manifest.res
f:\c++\作业\第十六次\4判断是否为闰年\debug\4判断是否为闰年.ilk
f:\c++\作业\第十六次\4判断是否为闰年\debug\4判断是否为闰年.exe
f:\c++\作业\第十六次\4判断是否为闰年\4判断是否为闰年\debug\4判断是否为闰年.exe.intermediate.manifest
f:\c++\作业\第十六次\4判断是否为闰年\debug\4判断是否为闰年.pdb
f:\c++\作业\第十六次\4判断是否为闰年\4判断是否为闰年\debug\4判断是否为闰年.exe.embed.manifest
l:\c++\作业\第十六次\4判断是否为闰年\4判断是否为闰年\debug\main.obj
l:\c++\作业\第十六次\4判断是否为闰年\4判断是否为闰年\debug\cl.read.1.tlog
l:\c++\作业\第十六次\4判断是否为闰年\4判断是否为闰年\debug\cl.write.1.tlog
l:\c++\作业\第十六次\4判断是否为闰年\4判断是否为闰年\debug\cl.command.1.tlog
l:\c++\作业\第十六次\4判断是否为闰年\4判断是否为闰年\debug\rc.read.1.tlog
l:\c++\作业\第十六次\4判断是否为闰年\4判断是否为闰年\debug\rc.write.1.tlog
l:\c++\作业\第十六次\4判断是否为闰年\4判断是否为闰年\debug\rc.command.1.tlog
l:\c++\作业\第十六次\4判断是否为闰年\4判断是否为闰年\debug\link-cvtres.read.1.tlog
l:\c++\作业\第十六次\4判断是否为闰年\4判断是否为闰年\debug\link-cvtres.write.1.tlog
l:\c++\作业\第十六次\4判断是否为闰年\4判断是否为闰年\debug\link.read.1.tlog
l:\c++\作业\第十六次\4判断是否为闰年\4判断是否为闰年\debug\link.write.1.tlog
l:\c++\作业\第十六次\4判断是否为闰年\4判断是否为闰年\debug\link.command.1.tlog
l:\c++\作业\第十六次\4判断是否为闰年\4判断是否为闰年\debug\mt.read.1.tlog
l:\c++\作业\第十六次\4判断是否为闰年\4判断是否为闰年\debug\mt.write.1.tlog
l:\c++\作业\第十六次\4判断是否为闰年\4判断是否为闰年\debug\mt.command.1.tlog
l:\c++\作业\第十六次\4判断是否为闰年\4判断是否为闰年\debug\link.10796-cvtres.read.1.tlog
l:\c++\作业\第十六次\4判断是否为闰年\4判断是否为闰年\debug\link.10796-cvtres.write.1.tlog
l:\c++\作业\第十六次\4判断是否为闰年\4判断是否为闰年\debug\link.10796.read.1.tlog
l:\c++\作业\第十六次\4判断是否为闰年\4判断是否为闰年\debug\link.10796.write.1.tlog
l:\c++\作业\第十六次\4判断是否为闰年\4判断是否为闰年\debug\4判断是否为闰年.exe.embed.manifest
l:\c++\作业\第十六次\4判断是否为闰年\4判断是否为闰年\debug\4判断是否为闰年.exe.intermediate.manifest
l:\c++\作业\第十六次\4判断是否为闰年\4判断是否为闰年\debug\4判断是否为闰年.exe.embed.manifest.res
l:\c++\作业\第十六次\4判断是否为闰年\4判断是否为闰年\debug\vc100.idb
l:\c++\作业\第十六次\4判断是否为闰年\4判断是否为闰年\debug\vc100.pdb
l:\c++\作业\第十六次\4判断是否为闰年\4判断是否为闰年\debug\4判断是否为闰年_manifest.rc
l:\c++\作业\第十六次\4判断是否为闰年\debug\4判断是否为闰年.pdb
l:\c++\作业\第十六次\4判断是否为闰年\debug\4判断是否为闰年.exe
l:\c++\作业\第十六次\4判断是否为闰年\debug\4判断是否为闰年.ilk
