f:\c++\作业\第十六次\1子字符串出现的次数\1子字符串出现的次数\debug\main.obj
f:\c++\作业\第十六次\1子字符串出现的次数\1子字符串出现的次数\debug\vc100.pdb
f:\c++\作业\第十六次\1子字符串出现的次数\1子字符串出现的次数\debug\1子字符串出现的次数.exe.embed.manifest.res
f:\c++\作业\第十六次\1子字符串出现的次数\debug\1子字符串出现的次数.ilk
f:\c++\作业\第十六次\1子字符串出现的次数\debug\1子字符串出现的次数.exe
f:\c++\作业\第十六次\1子字符串出现的次数\1子字符串出现的次数\debug\1子字符串出现的次数.exe.intermediate.manifest
f:\c++\作业\第十六次\1子字符串出现的次数\debug\1子字符串出现的次数.pdb
f:\c++\作业\第十六次\1子字符串出现的次数\1子字符串出现的次数\debug\1子字符串出现的次数.exe.embed.manifest
l:\c++\作业\第十六次\1子字符串出现的次数\1子字符串出现的次数\debug\main.obj
l:\c++\作业\第十六次\1子字符串出现的次数\1子字符串出现的次数\debug\cl.read.1.tlog
l:\c++\作业\第十六次\1子字符串出现的次数\1子字符串出现的次数\debug\cl.write.1.tlog
l:\c++\作业\第十六次\1子字符串出现的次数\1子字符串出现的次数\debug\cl.command.1.tlog
l:\c++\作业\第十六次\1子字符串出现的次数\1子字符串出现的次数\debug\rc.read.1.tlog
l:\c++\作业\第十六次\1子字符串出现的次数\1子字符串出现的次数\debug\rc.write.1.tlog
l:\c++\作业\第十六次\1子字符串出现的次数\1子字符串出现的次数\debug\rc.command.1.tlog
l:\c++\作业\第十六次\1子字符串出现的次数\1子字符串出现的次数\debug\link-cvtres.read.1.tlog
l:\c++\作业\第十六次\1子字符串出现的次数\1子字符串出现的次数\debug\link-cvtres.write.1.tlog
l:\c++\作业\第十六次\1子字符串出现的次数\1子字符串出现的次数\debug\link.read.1.tlog
l:\c++\作业\第十六次\1子字符串出现的次数\1子字符串出现的次数\debug\link.write.1.tlog
l:\c++\作业\第十六次\1子字符串出现的次数\1子字符串出现的次数\debug\link.command.1.tlog
l:\c++\作业\第十六次\1子字符串出现的次数\1子字符串出现的次数\debug\mt.read.1.tlog
l:\c++\作业\第十六次\1子字符串出现的次数\1子字符串出现的次数\debug\mt.write.1.tlog
l:\c++\作业\第十六次\1子字符串出现的次数\1子字符串出现的次数\debug\mt.command.1.tlog
l:\c++\作业\第十六次\1子字符串出现的次数\1子字符串出现的次数\debug\link.6588-cvtres.read.1.tlog
l:\c++\作业\第十六次\1子字符串出现的次数\1子字符串出现的次数\debug\link.6588-cvtres.write.1.tlog
l:\c++\作业\第十六次\1子字符串出现的次数\1子字符串出现的次数\debug\link.6588.read.1.tlog
l:\c++\作业\第十六次\1子字符串出现的次数\1子字符串出现的次数\debug\link.6588.write.1.tlog
l:\c++\作业\第十六次\1子字符串出现的次数\1子字符串出现的次数\debug\1子字符串出现的次数.exe.intermediate.manifest
l:\c++\作业\第十六次\1子字符串出现的次数\1子字符串出现的次数\debug\1子字符串出现的次数.exe.embed.manifest
l:\c++\作业\第十六次\1子字符串出现的次数\1子字符串出现的次数\debug\1子字符串出现的次数.exe.embed.manifest.res
l:\c++\作业\第十六次\1子字符串出现的次数\1子字符串出现的次数\debug\vc100.idb
l:\c++\作业\第十六次\1子字符串出现的次数\1子字符串出现的次数\debug\vc100.pdb
l:\c++\作业\第十六次\1子字符串出现的次数\1子字符串出现的次数\debug\1子字符串出现的次数_manifest.rc
l:\c++\作业\第十六次\1子字符串出现的次数\debug\1子字符串出现的次数.pdb
l:\c++\作业\第十六次\1子字符串出现的次数\debug\1子字符串出现的次数.exe
l:\c++\作业\第十六次\1子字符串出现的次数\debug\1子字符串出现的次数.ilk
