e:\井小普\上机测试\函数调用 求平均值 最大值\函数调用 求平均值 最大值\debug\vc100.pdb
e:\井小普\上机测试\函数调用 求平均值 最大值\函数调用 求平均值 最大值\debug\main.obj
e:\井小普\上机测试\函数调用 求平均值 最大值\debug\函数调用 求平均值 最大值.ilk
e:\井小普\上机测试\函数调用 求平均值 最大值\debug\函数调用 求平均值 最大值.exe
e:\井小普\上机测试\函数调用 求平均值 最大值\函数调用 求平均值 最大值\debug\函数调用 求平均值 最大值.exe.intermediate.manifest
e:\井小普\上机测试\函数调用 求平均值 最大值\debug\函数调用 求平均值 最大值.pdb
e:\井小普\上机测试\函数调用 求平均值 最大值\函数调用 求平均值 最大值\debug\函数调用 求平均值 最大值.exe.embed.manifest
e:\井小普\上机测试\函数调用 求平均值 最大值\函数调用 求平均值 最大值\debug\函数调用 求平均值 最大值.exe.embed.manifest.res
c:\users\a\desktop\上机测试作业\3.1函数调用 求平均值 最大值\函数调用 求平均值 最大值\debug\函数调用 求平均值 最大值.vcxprojresolveassemblyreference.cache
c:\users\a\desktop\上机测试作业\3.1函数调用 求平均值 最大值\函数调用 求平均值 最大值\debug\main.obj
c:\users\a\desktop\上机测试作业\3.1函数调用 求平均值 最大值\函数调用 求平均值 最大值\debug\cl.command.1.tlog
c:\users\a\desktop\上机测试作业\3.1函数调用 求平均值 最大值\函数调用 求平均值 最大值\debug\cl.read.1.tlog
c:\users\a\desktop\上机测试作业\3.1函数调用 求平均值 最大值\函数调用 求平均值 最大值\debug\cl.write.1.tlog
c:\users\a\desktop\上机测试作业\3.1函数调用 求平均值 最大值\函数调用 求平均值 最大值\debug\link-cvtres.read.1.tlog
c:\users\a\desktop\上机测试作业\3.1函数调用 求平均值 最大值\函数调用 求平均值 最大值\debug\link-cvtres.write.1.tlog
c:\users\a\desktop\上机测试作业\3.1函数调用 求平均值 最大值\函数调用 求平均值 最大值\debug\link.5072-cvtres.read.1.tlog
c:\users\a\desktop\上机测试作业\3.1函数调用 求平均值 最大值\函数调用 求平均值 最大值\debug\link.5072-cvtres.write.1.tlog
c:\users\a\desktop\上机测试作业\3.1函数调用 求平均值 最大值\函数调用 求平均值 最大值\debug\link.5072.read.1.tlog
c:\users\a\desktop\上机测试作业\3.1函数调用 求平均值 最大值\函数调用 求平均值 最大值\debug\link.5072.write.1.tlog
c:\users\a\desktop\上机测试作业\3.1函数调用 求平均值 最大值\函数调用 求平均值 最大值\debug\link.command.1.tlog
c:\users\a\desktop\上机测试作业\3.1函数调用 求平均值 最大值\函数调用 求平均值 最大值\debug\link.read.1.tlog
c:\users\a\desktop\上机测试作业\3.1函数调用 求平均值 最大值\函数调用 求平均值 最大值\debug\link.write.1.tlog
c:\users\a\desktop\上机测试作业\3.1函数调用 求平均值 最大值\函数调用 求平均值 最大值\debug\mt.command.1.tlog
c:\users\a\desktop\上机测试作业\3.1函数调用 求平均值 最大值\函数调用 求平均值 最大值\debug\mt.read.1.tlog
c:\users\a\desktop\上机测试作业\3.1函数调用 求平均值 最大值\函数调用 求平均值 最大值\debug\mt.write.1.tlog
c:\users\a\desktop\上机测试作业\3.1函数调用 求平均值 最大值\函数调用 求平均值 最大值\debug\rc.command.1.tlog
c:\users\a\desktop\上机测试作业\3.1函数调用 求平均值 最大值\函数调用 求平均值 最大值\debug\rc.read.1.tlog
c:\users\a\desktop\上机测试作业\3.1函数调用 求平均值 最大值\函数调用 求平均值 最大值\debug\rc.write.1.tlog
c:\users\a\desktop\上机测试作业\3.1函数调用 求平均值 最大值\函数调用 求平均值 最大值\debug\函数调用 求平均值 最大值.write.1.tlog
c:\users\a\desktop\上机测试作业\3.1函数调用 求平均值 最大值\函数调用 求平均值 最大值\debug\函数调用 求平均值 最大值.exe.embed.manifest
c:\users\a\desktop\上机测试作业\3.1函数调用 求平均值 最大值\函数调用 求平均值 最大值\debug\函数调用 求平均值 最大值.exe.intermediate.manifest
c:\users\a\desktop\上机测试作业\3.1函数调用 求平均值 最大值\函数调用 求平均值 最大值\debug\函数调用 求平均值 最大值.exe.embed.manifest.res
c:\users\a\desktop\上机测试作业\3.1函数调用 求平均值 最大值\函数调用 求平均值 最大值\debug\vc100.idb
c:\users\a\desktop\上机测试作业\3.1函数调用 求平均值 最大值\函数调用 求平均值 最大值\debug\vc100.pdb
c:\users\a\desktop\上机测试作业\3.1函数调用 求平均值 最大值\函数调用 求平均值 最大值\debug\函数调用 求平均值 最大值_manifest.rc
c:\users\a\desktop\上机测试作业\3.1函数调用 求平均值 最大值\debug\函数调用 求平均值 最大值.pdb
c:\users\a\desktop\上机测试作业\3.1函数调用 求平均值 最大值\debug\函数调用 求平均值 最大值.exe
c:\users\a\desktop\上机测试作业\3.1函数调用 求平均值 最大值\debug\函数调用 求平均值 最大值.ilk
