f:\c++\作业\第十六次\3字符串插入\3字符串插入\debug\main.obj
f:\c++\作业\第十六次\3字符串插入\3字符串插入\debug\vc100.pdb
f:\c++\作业\第十六次\3字符串插入\3字符串插入\debug\3字符串插入.exe.embed.manifest.res
f:\c++\作业\第十六次\3字符串插入\debug\3字符串插入.ilk
f:\c++\作业\第十六次\3字符串插入\debug\3字符串插入.exe
f:\c++\作业\第十六次\3字符串插入\3字符串插入\debug\3字符串插入.exe.intermediate.manifest
f:\c++\作业\第十六次\3字符串插入\debug\3字符串插入.pdb
f:\c++\作业\第十六次\3字符串插入\3字符串插入\debug\3字符串插入.exe.embed.manifest
l:\c++\作业\第十六次\3字符串插入\3字符串插入\debug\main.obj
l:\c++\作业\第十六次\3字符串插入\3字符串插入\debug\cl.read.1.tlog
l:\c++\作业\第十六次\3字符串插入\3字符串插入\debug\cl.write.1.tlog
l:\c++\作业\第十六次\3字符串插入\3字符串插入\debug\cl.command.1.tlog
l:\c++\作业\第十六次\3字符串插入\3字符串插入\debug\rc.read.1.tlog
l:\c++\作业\第十六次\3字符串插入\3字符串插入\debug\rc.write.1.tlog
l:\c++\作业\第十六次\3字符串插入\3字符串插入\debug\rc.command.1.tlog
l:\c++\作业\第十六次\3字符串插入\3字符串插入\debug\link-cvtres.read.1.tlog
l:\c++\作业\第十六次\3字符串插入\3字符串插入\debug\link-cvtres.write.1.tlog
l:\c++\作业\第十六次\3字符串插入\3字符串插入\debug\link.read.1.tlog
l:\c++\作业\第十六次\3字符串插入\3字符串插入\debug\link.write.1.tlog
l:\c++\作业\第十六次\3字符串插入\3字符串插入\debug\link.command.1.tlog
l:\c++\作业\第十六次\3字符串插入\3字符串插入\debug\mt.read.1.tlog
l:\c++\作业\第十六次\3字符串插入\3字符串插入\debug\mt.write.1.tlog
l:\c++\作业\第十六次\3字符串插入\3字符串插入\debug\mt.command.1.tlog
l:\c++\作业\第十六次\3字符串插入\3字符串插入\debug\link.9520-cvtres.read.1.tlog
l:\c++\作业\第十六次\3字符串插入\3字符串插入\debug\link.9520-cvtres.write.1.tlog
l:\c++\作业\第十六次\3字符串插入\3字符串插入\debug\link.9520.read.1.tlog
l:\c++\作业\第十六次\3字符串插入\3字符串插入\debug\link.9520.write.1.tlog
l:\c++\作业\第十六次\3字符串插入\3字符串插入\debug\3字符串插入.exe.embed.manifest
l:\c++\作业\第十六次\3字符串插入\3字符串插入\debug\3字符串插入.exe.intermediate.manifest
l:\c++\作业\第十六次\3字符串插入\3字符串插入\debug\3字符串插入.exe.embed.manifest.res
l:\c++\作业\第十六次\3字符串插入\3字符串插入\debug\vc100.idb
l:\c++\作业\第十六次\3字符串插入\3字符串插入\debug\vc100.pdb
l:\c++\作业\第十六次\3字符串插入\3字符串插入\debug\3字符串插入_manifest.rc
l:\c++\作业\第十六次\3字符串插入\debug\3字符串插入.pdb
l:\c++\作业\第十六次\3字符串插入\debug\3字符串插入.exe
l:\c++\作业\第十六次\3字符串插入\debug\3字符串插入.ilk
