f:\c++\作业\第十六次\2判断字符串是否对称\2判断字符串是否对称\debug\main.obj
f:\c++\作业\第十六次\2判断字符串是否对称\2判断字符串是否对称\debug\vc100.pdb
f:\c++\作业\第十六次\2判断字符串是否对称\2判断字符串是否对称\debug\2判断字符串是否对称.exe.embed.manifest.res
f:\c++\作业\第十六次\2判断字符串是否对称\debug\2判断字符串是否对称.ilk
f:\c++\作业\第十六次\2判断字符串是否对称\debug\2判断字符串是否对称.exe
f:\c++\作业\第十六次\2判断字符串是否对称\2判断字符串是否对称\debug\2判断字符串是否对称.exe.intermediate.manifest
f:\c++\作业\第十六次\2判断字符串是否对称\debug\2判断字符串是否对称.pdb
f:\c++\作业\第十六次\2判断字符串是否对称\2判断字符串是否对称\debug\2判断字符串是否对称.exe.embed.manifest
l:\c++\作业\第十六次\2判断字符串是否对称\2判断字符串是否对称\debug\main.obj
l:\c++\作业\第十六次\2判断字符串是否对称\2判断字符串是否对称\debug\cl.read.1.tlog
l:\c++\作业\第十六次\2判断字符串是否对称\2判断字符串是否对称\debug\cl.write.1.tlog
l:\c++\作业\第十六次\2判断字符串是否对称\2判断字符串是否对称\debug\cl.command.1.tlog
l:\c++\作业\第十六次\2判断字符串是否对称\2判断字符串是否对称\debug\rc.read.1.tlog
l:\c++\作业\第十六次\2判断字符串是否对称\2判断字符串是否对称\debug\rc.write.1.tlog
l:\c++\作业\第十六次\2判断字符串是否对称\2判断字符串是否对称\debug\rc.command.1.tlog
l:\c++\作业\第十六次\2判断字符串是否对称\2判断字符串是否对称\debug\link-cvtres.read.1.tlog
l:\c++\作业\第十六次\2判断字符串是否对称\2判断字符串是否对称\debug\link-cvtres.write.1.tlog
l:\c++\作业\第十六次\2判断字符串是否对称\2判断字符串是否对称\debug\link.read.1.tlog
l:\c++\作业\第十六次\2判断字符串是否对称\2判断字符串是否对称\debug\link.write.1.tlog
l:\c++\作业\第十六次\2判断字符串是否对称\2判断字符串是否对称\debug\link.command.1.tlog
l:\c++\作业\第十六次\2判断字符串是否对称\2判断字符串是否对称\debug\mt.read.1.tlog
l:\c++\作业\第十六次\2判断字符串是否对称\2判断字符串是否对称\debug\mt.write.1.tlog
l:\c++\作业\第十六次\2判断字符串是否对称\2判断字符串是否对称\debug\mt.command.1.tlog
l:\c++\作业\第十六次\2判断字符串是否对称\2判断字符串是否对称\debug\link.9812-cvtres.read.1.tlog
l:\c++\作业\第十六次\2判断字符串是否对称\2判断字符串是否对称\debug\link.9812-cvtres.write.1.tlog
l:\c++\作业\第十六次\2判断字符串是否对称\2判断字符串是否对称\debug\link.9812.read.1.tlog
l:\c++\作业\第十六次\2判断字符串是否对称\2判断字符串是否对称\debug\link.9812.write.1.tlog
l:\c++\作业\第十六次\2判断字符串是否对称\2判断字符串是否对称\debug\2判断字符串是否对称.exe.intermediate.manifest
l:\c++\作业\第十六次\2判断字符串是否对称\2判断字符串是否对称\debug\2判断字符串是否对称.exe.embed.manifest
l:\c++\作业\第十六次\2判断字符串是否对称\2判断字符串是否对称\debug\2判断字符串是否对称.exe.embed.manifest.res
l:\c++\作业\第十六次\2判断字符串是否对称\2判断字符串是否对称\debug\vc100.idb
l:\c++\作业\第十六次\2判断字符串是否对称\2判断字符串是否对称\debug\vc100.pdb
l:\c++\作业\第十六次\2判断字符串是否对称\2判断字符串是否对称\debug\2判断字符串是否对称_manifest.rc
l:\c++\作业\第十六次\2判断字符串是否对称\debug\2判断字符串是否对称.pdb
l:\c++\作业\第十六次\2判断字符串是否对称\debug\2判断字符串是否对称.exe
l:\c++\作业\第十六次\2判断字符串是否对称\debug\2判断字符串是否对称.ilk
